<?xml version="1.0" encoding="UTF-8"?>
<testng-results ignored="0" total="4" passed="3" failed="1" skipped="0">
  <reporter-output>
  </reporter-output>
  <suite started-at="2022-07-04T11:41:52 EDT" name="Default suite" finished-at="2022-07-04T11:42:15 EDT" duration-ms="22637">
    <groups>
    </groups>
    <test started-at="2022-07-04T11:41:52 EDT" name="Default test" finished-at="2022-07-04T11:42:15 EDT" duration-ms="22637">
      <class name="DataDriven.DataDrivenTest">
        <test-method is-config="true" signature="setup()[pri:0, instance:DataDriven.DataDrivenTest@38467116]" started-at="2022-07-04T11:41:52 EDT" name="setup" finished-at="2022-07-04T11:41:52 EDT" duration-ms="13" status="PASS">
          <reporter-output>
          </reporter-output>
        </test-method> <!-- setup -->
        <test-method is-config="true" signature="initialization()[pri:0, instance:DataDriven.DataDrivenTest@38467116]" started-at="2022-07-04T11:41:54 EDT" name="initialization" finished-at="2022-07-04T11:41:59 EDT" duration-ms="5246" status="PASS">
          <reporter-output>
          </reporter-output>
        </test-method> <!-- initialization -->
        <test-method signature="login(java.lang.String,java.lang.String)[pri:0, instance:DataDriven.DataDrivenTest@38467116]" started-at="2022-07-04T11:41:59 EDT" name="login" data-provider="LoginTest" finished-at="2022-07-04T11:42:00 EDT" duration-ms="731" status="PASS">
          <params>
            <param index="0">
              <value>
                <![CDATA[standard_user]]>
              </value>
            </param>
            <param index="1">
              <value>
                <![CDATA[secret_sauce]]>
              </value>
            </param>
          </params>
          <reporter-output>
          </reporter-output>
        </test-method> <!-- login -->
        <test-method is-config="true" signature="closeBrowser()[pri:0, instance:DataDriven.DataDrivenTest@38467116]" started-at="2022-07-04T11:42:00 EDT" name="closeBrowser" finished-at="2022-07-04T11:42:00 EDT" duration-ms="567" status="PASS">
          <reporter-output>
          </reporter-output>
        </test-method> <!-- closeBrowser -->
        <test-method is-config="true" signature="initialization()[pri:0, instance:DataDriven.DataDrivenTest@38467116]" started-at="2022-07-04T11:42:00 EDT" name="initialization" finished-at="2022-07-04T11:42:03 EDT" duration-ms="2119" status="PASS">
          <reporter-output>
          </reporter-output>
        </test-method> <!-- initialization -->
        <test-method signature="login(java.lang.String,java.lang.String)[pri:0, instance:DataDriven.DataDrivenTest@38467116]" started-at="2022-07-04T11:42:03 EDT" name="login" data-provider="LoginTest" finished-at="2022-07-04T11:42:03 EDT" duration-ms="467" status="FAIL">
          <params>
            <param index="0">
              <value>
                <![CDATA[locked_out_user]]>
              </value>
            </param>
            <param index="1">
              <value>
                <![CDATA[secret_sauce]]>
              </value>
            </param>
          </params>
          <exception class="java.lang.AssertionError">
            <message>
              <![CDATA[expected [true] but found [false]]]>
            </message>
            <full-stacktrace>
              <![CDATA[java.lang.AssertionError: expected [true] but found [false]
at org.testng.Assert.fail(Assert.java:99)
at org.testng.Assert.failNotEquals(Assert.java:1037)
at org.testng.Assert.assertTrue(Assert.java:45)
at org.testng.Assert.assertTrue(Assert.java:55)
at DataDriven.DataDrivenTest.login(DataDrivenTest.java:46)
at java.base/jdk.internal.reflect.NativeMethodAccessorImpl.invoke0(Native Method)
at java.base/jdk.internal.reflect.NativeMethodAccessorImpl.invoke(NativeMethodAccessorImpl.java:77)
at java.base/jdk.internal.reflect.DelegatingMethodAccessorImpl.invoke(DelegatingMethodAccessorImpl.java:43)
at java.base/java.lang.reflect.Method.invoke(Method.java:568)
at org.testng.internal.MethodInvocationHelper.invokeMethod(MethodInvocationHelper.java:133)
at org.testng.internal.TestInvoker.invokeMethod(TestInvoker.java:598)
at org.testng.internal.TestInvoker.invokeTestMethod(TestInvoker.java:173)
at org.testng.internal.MethodRunner.runInSequence(MethodRunner.java:46)
at org.testng.internal.TestInvoker$MethodInvocationAgent.invoke(TestInvoker.java:824)
at org.testng.internal.TestInvoker.invokeTestMethods(TestInvoker.java:146)
at org.testng.internal.TestMethodWorker.invokeTestMethods(TestMethodWorker.java:146)
at org.testng.internal.TestMethodWorker.run(TestMethodWorker.java:128)
at java.base/java.util.ArrayList.forEach(ArrayList.java:1511)
at org.testng.TestRunner.privateRun(TestRunner.java:794)
at org.testng.TestRunner.run(TestRunner.java:596)
at org.testng.SuiteRunner.runTest(SuiteRunner.java:377)
at org.testng.SuiteRunner.runSequentially(SuiteRunner.java:371)
at org.testng.SuiteRunner.privateRun(SuiteRunner.java:332)
at org.testng.SuiteRunner.run(SuiteRunner.java:276)
at org.testng.SuiteRunnerWorker.runSuite(SuiteRunnerWorker.java:53)
at org.testng.SuiteRunnerWorker.run(SuiteRunnerWorker.java:96)
at org.testng.TestNG.runSuitesSequentially(TestNG.java:1212)
at org.testng.TestNG.runSuitesLocally(TestNG.java:1134)
at org.testng.TestNG.runSuites(TestNG.java:1063)
at org.testng.TestNG.run(TestNG.java:1031)
at org.testng.remote.AbstractRemoteTestNG.run(AbstractRemoteTestNG.java:115)
at org.testng.remote.RemoteTestNG.initAndRun(RemoteTestNG.java:251)
at org.testng.remote.RemoteTestNG.main(RemoteTestNG.java:77)
]]>
            </full-stacktrace>
          </exception> <!-- java.lang.AssertionError -->
          <reporter-output>
          </reporter-output>
        </test-method> <!-- login -->
        <test-method is-config="true" signature="closeBrowser()[pri:0, instance:DataDriven.DataDrivenTest@38467116]" started-at="2022-07-04T11:42:03 EDT" name="closeBrowser" finished-at="2022-07-04T11:42:03 EDT" duration-ms="371" status="PASS">
          <reporter-output>
          </reporter-output>
        </test-method> <!-- closeBrowser -->
        <test-method is-config="true" signature="initialization()[pri:0, instance:DataDriven.DataDrivenTest@38467116]" started-at="2022-07-04T11:42:03 EDT" name="initialization" finished-at="2022-07-04T11:42:06 EDT" duration-ms="2423" status="PASS">
          <reporter-output>
          </reporter-output>
        </test-method> <!-- initialization -->
        <test-method signature="login(java.lang.String,java.lang.String)[pri:0, instance:DataDriven.DataDrivenTest@38467116]" started-at="2022-07-04T11:42:06 EDT" name="login" data-provider="LoginTest" finished-at="2022-07-04T11:42:06 EDT" duration-ms="533" status="PASS">
          <params>
            <param index="0">
              <value>
                <![CDATA[problem_user]]>
              </value>
            </param>
            <param index="1">
              <value>
                <![CDATA[secret_sauce]]>
              </value>
            </param>
          </params>
          <reporter-output>
          </reporter-output>
        </test-method> <!-- login -->
        <test-method is-config="true" signature="closeBrowser()[pri:0, instance:DataDriven.DataDrivenTest@38467116]" started-at="2022-07-04T11:42:06 EDT" name="closeBrowser" finished-at="2022-07-04T11:42:07 EDT" duration-ms="482" status="PASS">
          <reporter-output>
          </reporter-output>
        </test-method> <!-- closeBrowser -->
        <test-method is-config="true" signature="initialization()[pri:0, instance:DataDriven.DataDrivenTest@38467116]" started-at="2022-07-04T11:42:07 EDT" name="initialization" finished-at="2022-07-04T11:42:09 EDT" duration-ms="2103" status="PASS">
          <reporter-output>
          </reporter-output>
        </test-method> <!-- initialization -->
        <test-method signature="login(java.lang.String,java.lang.String)[pri:0, instance:DataDriven.DataDrivenTest@38467116]" started-at="2022-07-04T11:42:09 EDT" name="login" data-provider="LoginTest" finished-at="2022-07-04T11:42:15 EDT" duration-ms="5694" status="PASS">
          <params>
            <param index="0">
              <value>
                <![CDATA[performance_glitch_user]]>
              </value>
            </param>
            <param index="1">
              <value>
                <![CDATA[secret_sauce]]>
              </value>
            </param>
          </params>
          <reporter-output>
          </reporter-output>
        </test-method> <!-- login -->
        <test-method is-config="true" signature="closeBrowser()[pri:0, instance:DataDriven.DataDrivenTest@38467116]" started-at="2022-07-04T11:42:15 EDT" name="closeBrowser" finished-at="2022-07-04T11:42:15 EDT" duration-ms="379" status="PASS">
          <reporter-output>
          </reporter-output>
        </test-method> <!-- closeBrowser -->
      </class> <!-- DataDriven.DataDrivenTest -->
    </test> <!-- Default test -->
  </suite> <!-- Default suite -->
</testng-results>
